0 info it worked if it ends with ok
1 verbose cli [ '/usr/local/bin/node',
1 verbose cli   '/usr/local/bin/npm',
1 verbose cli   'install',
1 verbose cli   '--ignore-scripts',
1 verbose cli   'types-registry@latest' ]
2 info using npm@6.4.1
3 info using node@v10.15.1
4 verbose npm-session ccb7bbd1d5a6a8fa
5 silly install loadCurrentTree
6 silly install readLocalPackageData
7 silly fetchPackageMetaData error for types-registry@latest request to http://registry.npmjs.org/types-registry failed, reason: connect ETIMEDOUT 104.16.20.35:80
8 timing stage:rollbackFailedOptional Completed in 1ms
9 timing stage:runTopLevelLifecycles Completed in 296734ms
10 verbose type system
11 verbose stack FetchError: request to http://registry.npmjs.org/types-registry failed, reason: connect ETIMEDOUT 104.16.20.35:80
11 verbose stack     at ClientRequest.req.on.err (/usr/local/lib/node_modules/npm/node_modules/node-fetch-npm/src/index.js:68:14)
11 verbose stack     at ClientRequest.emit (events.js:189:13)
11 verbose stack     at Socket.socketErrorListener (_http_client.js:392:9)
11 verbose stack     at Socket.emit (events.js:189:13)
11 verbose stack     at emitErrorNT (internal/streams/destroy.js:82:8)
11 verbose stack     at emitErrorAndCloseNT (internal/streams/destroy.js:50:3)
11 verbose stack     at process._tickCallback (internal/process/next_tick.js:63:19)
12 verbose cwd /Users/Hugo/Library/Caches/typescript/3.3
13 verbose Darwin 18.2.0
14 verbose argv "/usr/local/bin/node" "/usr/local/bin/npm" "install" "--ignore-scripts" "types-registry@latest"
15 verbose node v10.15.1
16 verbose npm  v6.4.1
17 error code ETIMEDOUT
18 error errno ETIMEDOUT
19 error network request to http://registry.npmjs.org/types-registry failed, reason: connect ETIMEDOUT 104.16.20.35:80
20 error network This is a problem related to network connectivity.
20 error network In most cases you are behind a proxy or have bad network settings.
20 error network
20 error network If you are behind a proxy, please make sure that the
20 error network 'proxy' config is set properly.  See: 'npm help config'
21 verbose exit [ 1, true ]
