0 info it worked if it ends with ok
1 verbose cli [ '/usr/local/bin/node',
1 verbose cli   '/usr/local/bin/npm',
1 verbose cli   'install',
1 verbose cli   '--ignore-scripts',
1 verbose cli   '@types/color-convert@ts3.3',
1 verbose cli   '@types/browserify@ts3.3',
1 verbose cli   '@types/gulp@ts3.3',
1 verbose cli   '@types/gulp-rename@ts3.3',
1 verbose cli   '@types/gulp-uglify@ts3.3',
1 verbose cli   '@types/mocha@ts3.3',
1 verbose cli   '@types/vinyl-source-stream@ts3.3',
1 verbose cli   '--save-dev',
1 verbose cli   '--user-agent=typesInstaller/3.3.3' ]
2 info using npm@6.4.1
3 info using node@v10.15.1
4 verbose npm-session 33453a6ee541c3d7
5 silly install loadCurrentTree
6 silly install readLocalPackageData
7 silly fetchPackageMetaData error for @types/gulp-uglify@ts3.3 request to http://registry.npmjs.org/@types%2fgulp-uglify failed, reason: connect ETIMEDOUT 104.16.27.35:80
8 silly fetchPackageMetaData error for @types/browserify@ts3.3 request to http://registry.npmjs.org/@types%2fbrowserify failed, reason: connect ETIMEDOUT 104.16.27.35:80
9 silly fetchPackageMetaData error for @types/gulp@ts3.3 request to http://registry.npmjs.org/@types%2fgulp failed, reason: connect ETIMEDOUT 104.16.27.35:80
10 silly fetchPackageMetaData error for @types/mocha@ts3.3 request to http://registry.npmjs.org/@types%2fmocha failed, reason: connect ETIMEDOUT 104.16.27.35:80
11 silly fetchPackageMetaData error for @types/gulp-rename@ts3.3 request to http://registry.npmjs.org/@types%2fgulp-rename failed, reason: connect ETIMEDOUT 104.16.27.35:80
12 silly fetchPackageMetaData error for @types/color-convert@ts3.3 request to http://registry.npmjs.org/@types%2fcolor-convert failed, reason: connect ETIMEDOUT 104.16.27.35:80
13 silly fetchPackageMetaData error for @types/vinyl-source-stream@ts3.3 request to http://registry.npmjs.org/@types%2fvinyl-source-stream failed, reason: connect ETIMEDOUT 104.16.27.35:80
14 timing stage:rollbackFailedOptional Completed in 0ms
15 timing stage:runTopLevelLifecycles Completed in 296631ms
16 verbose type system
17 verbose stack FetchError: request to http://registry.npmjs.org/@types%2fgulp-uglify failed, reason: connect ETIMEDOUT 104.16.27.35:80
17 verbose stack     at ClientRequest.req.on.err (/usr/local/lib/node_modules/npm/node_modules/node-fetch-npm/src/index.js:68:14)
17 verbose stack     at ClientRequest.emit (events.js:189:13)
17 verbose stack     at Socket.socketErrorListener (_http_client.js:392:9)
17 verbose stack     at Socket.emit (events.js:189:13)
17 verbose stack     at emitErrorNT (internal/streams/destroy.js:82:8)
17 verbose stack     at emitErrorAndCloseNT (internal/streams/destroy.js:50:3)
17 verbose stack     at process._tickCallback (internal/process/next_tick.js:63:19)
18 verbose cwd /Users/Hugo/Library/Caches/typescript/3.3
19 verbose Darwin 18.2.0
20 verbose argv "/usr/local/bin/node" "/usr/local/bin/npm" "install" "--ignore-scripts" "@types/color-convert@ts3.3" "@types/browserify@ts3.3" "@types/gulp@ts3.3" "@types/gulp-rename@ts3.3" "@types/gulp-uglify@ts3.3" "@types/mocha@ts3.3" "@types/vinyl-source-stream@ts3.3" "--save-dev" "--user-agent=typesInstaller/3.3.3"
21 verbose node v10.15.1
22 verbose npm  v6.4.1
23 error code ETIMEDOUT
24 error errno ETIMEDOUT
25 error network request to http://registry.npmjs.org/@types%2fgulp-uglify failed, reason: connect ETIMEDOUT 104.16.27.35:80
26 error network This is a problem related to network connectivity.
26 error network In most cases you are behind a proxy or have bad network settings.
26 error network
26 error network If you are behind a proxy, please make sure that the
26 error network 'proxy' config is set properly.  See: 'npm help config'
27 verbose exit [ 1, true ]
